16:13:26,422 DEBUG logging:38 - Logging Provider: org.jboss.logging.Log4jLoggerProvider
16:13:26,802  INFO LogHelper:31 - HHH000204: Processing PersistenceUnitInfo [name: hibernate-postgresql]
16:13:26,955  INFO Version:44 - HHH000412: Hibernate ORM core version 6.6.5.Final
16:13:27,060 DEBUG RegionFactoryInitiator:122 - Cannot default RegionFactory based on registered strategies as `[]` RegionFactory strategies were registered
16:13:27,062  INFO RegionFactoryInitiator:50 - HHH000026: Second-level cache disabled
16:13:27,578  WARN pooling:86 - HHH10001002: Using built-in connection pool (not intended for production use)
16:13:28,444  INFO pooling:157 - HHH10001005: Database info:
	Database JDBC URL [jdbc:postgresql://localhost:5432/EnjoeiCarro]
	Database driver: org.postgresql.Driver
	Database version: 14.1
	Autocommit mode: false
	Isolation level: undefined/unknown
	Minimum pool size: 1
	Maximum pool size: 20
16:13:31,481  INFO JtaPlatformInitiator:59 - HHH000489: No JTA platform available (set 'hibernate.transaction.jta.platform' to enable JTA platform integration)
16:13:31,543  INFO access:52 - HHH10001501: Connection obtained from JdbcConnectionAccess [org.hibernate.engine.jdbc.env.internal.JdbcEnvironmentInitiator$ConnectionProviderJdbcConnectionAccess@592ca48c] for (non-JTA) DDL execution was not in auto-commit mode; the Connection 'local transaction' will be committed and the Connection will be set into auto-commit mode.
16:13:31,669 DEBUG SQL:135 - create table Carro (id integer generated by default as identity, ano integer not null, cor varchar(255), placa varchar(255) not null, valor float(53) not null, modelo_id integer, primary key (id))
16:13:31,739 DEBUG SQL:135 - create table Fabricante (id integer generated by default as identity, nome varchar(255), primary key (id))
16:13:31,746 DEBUG SQL:135 - create table Modelo (id integer generated by default as identity, nome varchar(255), fabricante_id integer, primary key (id))
16:13:31,754 DEBUG SQL:135 - create table Modelo_Carro (Modelo_id integer not null, lista_de_carros_id integer not null)
16:13:31,757 DEBUG SQL:135 - alter table if exists Carro drop constraint if exists UKayv56u7g0j0bv3r0v9b6tx4pl
16:13:31,764  WARN SqlExceptionHelper:238 - SQL Warning Code: 0, SQLState: 00000
16:13:31,765  WARN SqlExceptionHelper:239 - constraint "ukayv56u7g0j0bv3r0v9b6tx4pl" of relation "carro" does not exist, skipping
16:13:31,766 DEBUG SQL:135 - alter table if exists Carro add constraint UKayv56u7g0j0bv3r0v9b6tx4pl unique (placa)
16:13:31,770 DEBUG SQL:135 - alter table if exists Modelo_Carro drop constraint if exists UKt9ulg7n8xa0scjanmm0kvk743
16:13:31,771  WARN SqlExceptionHelper:238 - SQL Warning Code: 0, SQLState: 00000
16:13:31,772  WARN SqlExceptionHelper:239 - constraint "ukt9ulg7n8xa0scjanmm0kvk743" of relation "modelo_carro" does not exist, skipping
16:13:31,772 DEBUG SQL:135 - alter table if exists Modelo_Carro add constraint UKt9ulg7n8xa0scjanmm0kvk743 unique (lista_de_carros_id)
16:13:31,776 DEBUG SQL:135 - alter table if exists Carro add constraint FKnkkoy6ewxpgwph0ilqrtb3dw3 foreign key (modelo_id) references Modelo
16:13:31,791 DEBUG SQL:135 - alter table if exists Modelo add constraint FKfxhvj92m07yfude08qi1urqjp foreign key (fabricante_id) references Fabricante
16:13:31,795 DEBUG SQL:135 - alter table if exists Modelo_Carro add constraint FKnwmg4d4a8po6h8geg4ipp353e foreign key (lista_de_carros_id) references Carro
16:13:31,799 DEBUG SQL:135 - alter table if exists Modelo_Carro add constraint FKm8kmqjht4gunigl3afgw18p2k foreign key (Modelo_id) references Modelo
16:13:31,899 DEBUG Util:29 - -------- conectou banco agenda
16:13:31,949 DEBUG SQL:135 - insert into Fabricante (nome) values (?)
16:13:31,955 TRACE bind:24 - binding parameter (1:VARCHAR) <- [Toyota]
16:13:32,011 DEBUG SQL:135 - insert into Modelo (fabricante_id,nome) values (?,?)
16:13:32,011 TRACE bind:24 - binding parameter (1:INTEGER) <- [1]
16:13:32,012 TRACE bind:24 - binding parameter (2:VARCHAR) <- [Corolla]
16:13:32,030 DEBUG Util:39 - -------- desconectou banco
